\BOOKMARK [0][-]{chapter.1}{\376\377\0001\000\040\000M\000o\000d\000u\000l\000e\000s\000\040\000I\000n\000d\000e\000x}{}% 1
\BOOKMARK [1][-]{section.1.1}{\376\377\0001\000.\0001\000\040\000M\000o\000d\000u\000l\000e\000s\000\040\000L\000i\000s\000t}{chapter.1}% 2
\BOOKMARK [0][-]{chapter.2}{\376\377\0002\000\040\000D\000a\000t\000a\000\040\000T\000y\000p\000e\000\040\000I\000n\000d\000e\000x}{}% 3
\BOOKMARK [1][-]{section.2.1}{\376\377\0002\000.\0001\000\040\000D\000a\000t\000a\000\040\000T\000y\000p\000e\000s\000\040\000L\000i\000s\000t}{chapter.2}% 4
\BOOKMARK [0][-]{chapter.3}{\376\377\0003\000\040\000F\000i\000l\000e\000\040\000I\000n\000d\000e\000x}{}% 5
\BOOKMARK [1][-]{section.3.1}{\376\377\0003\000.\0001\000\040\000F\000i\000l\000e\000\040\000L\000i\000s\000t}{chapter.3}% 6
\BOOKMARK [0][-]{chapter.4}{\376\377\0004\000\040\000M\000o\000d\000u\000l\000e\000\040\000D\000o\000c\000u\000m\000e\000n\000t\000a\000t\000i\000o\000n}{}% 7
\BOOKMARK [1][-]{section.4.1}{\376\377\0004\000.\0001\000\040\000e\000z\000\137\000p\000a\000r\000a\000l\000l\000e\000l\000\040\000M\000o\000d\000u\000l\000e\000\040\000R\000e\000f\000e\000r\000e\000n\000c\000e}{chapter.4}% 8
\BOOKMARK [2][-]{subsection.4.1.1}{\376\377\0004\000.\0001\000.\0001\000\040\000D\000e\000t\000a\000i\000l\000e\000d\000\040\000D\000e\000s\000c\000r\000i\000p\000t\000i\000o\000n}{section.4.1}% 9
\BOOKMARK [1][-]{section.4.2}{\376\377\0004\000.\0002\000\040\000e\000z\000\137\000p\000a\000r\000a\000l\000l\000e\000l\000\137\000s\000t\000r\000u\000c\000t\000s\000\040\000M\000o\000d\000u\000l\000e\000\040\000R\000e\000f\000e\000r\000e\000n\000c\000e}{chapter.4}% 10
\BOOKMARK [2][-]{subsection.4.2.1}{\376\377\0004\000.\0002\000.\0001\000\040\000D\000e\000t\000a\000i\000l\000e\000d\000\040\000D\000e\000s\000c\000r\000i\000p\000t\000i\000o\000n}{section.4.2}% 11
\BOOKMARK [2][-]{subsection.4.2.2}{\376\377\0004\000.\0002\000.\0002\000\040\000V\000a\000r\000i\000a\000b\000l\000e\000\040\000D\000o\000c\000u\000m\000e\000n\000t\000a\000t\000i\000o\000n}{section.4.2}% 12
\BOOKMARK [3][-]{subsubsection.4.2.2.1}{\376\377\0004\000.\0002\000.\0002\000.\0001\000\040\000f\000f\000t\000\137\0001\000d\000\137\0001}{subsection.4.2.2}% 13
\BOOKMARK [3][-]{subsubsection.4.2.2.2}{\376\377\0004\000.\0002\000.\0002\000.\0002\000\040\000f\000f\000t\000\137\0001\000d\000\137\0002}{subsection.4.2.2}% 14
\BOOKMARK [3][-]{subsubsection.4.2.2.3}{\376\377\0004\000.\0002\000.\0002\000.\0003\000\040\000f\000f\000t\000\137\0002\000d}{subsection.4.2.2}% 15
\BOOKMARK [3][-]{subsubsection.4.2.2.4}{\376\377\0004\000.\0002\000.\0002\000.\0004\000\040\000s\000p\000e\000c\000\137\000d\000r\000v\000\137\0001\000d\000\137\0001}{subsection.4.2.2}% 16
\BOOKMARK [3][-]{subsubsection.4.2.2.5}{\376\377\0004\000.\0002\000.\0002\000.\0005\000\040\000s\000p\000e\000c\000\137\000d\000r\000v\000\137\0001\000d\000\137\0002}{subsection.4.2.2}% 17
\BOOKMARK [0][-]{chapter.5}{\376\377\0005\000\040\000D\000a\000t\000a\000\040\000T\000y\000p\000e\000\040\000D\000o\000c\000u\000m\000e\000n\000t\000a\000t\000i\000o\000n}{}% 18
\BOOKMARK [1][-]{section.5.1}{\376\377\0005\000.\0001\000\040\000\040\000T\000h\000e\000\040\000M\000o\000d\000u\000l\000e\000\040\000R\000e\000f\000e\000r\000e\000n\000c\000e}{chapter.5}% 19
\BOOKMARK [2][-]{subsection.5.1.1}{\376\377\0005\000.\0001\000.\0001\000\040\000D\000e\000t\000a\000i\000l\000e\000d\000\040\000D\000e\000s\000c\000r\000i\000p\000t\000i\000o\000n}{section.5.1}% 20
\BOOKMARK [1][-]{section.5.2}{\376\377\0005\000.\0002\000\040\000e\000z\000\137\000p\000a\000r\000a\000l\000l\000e\000l\000:\000:\000c\000r\000e\000a\000t\000e\000\137\000s\000c\000h\000e\000m\000e\000\040\000I\000n\000t\000e\000r\000f\000a\000c\000e\000\040\000R\000e\000f\000e\000r\000e\000n\000c\000e}{chapter.5}% 21
\BOOKMARK [2][-]{subsection.5.2.1}{\376\377\0005\000.\0002\000.\0001\000\040\000D\000e\000t\000a\000i\000l\000e\000d\000\040\000D\000e\000s\000c\000r\000i\000p\000t\000i\000o\000n}{section.5.2}% 22
\BOOKMARK [2][-]{subsection.5.2.2}{\376\377\0005\000.\0002\000.\0002\000\040\000M\000e\000m\000b\000e\000r\000\040\000F\000u\000n\000c\000t\000i\000o\000n\000/\000S\000u\000b\000r\000o\000u\000t\000i\000n\000e\000\040\000D\000o\000c\000u\000m\000e\000n\000t\000a\000t\000i\000o\000n}{section.5.2}% 23
\BOOKMARK [3][-]{subsubsection.5.2.2.1}{\376\377\0005\000.\0002\000.\0002\000.\0001\000\040\000c\000r\000e\000a\000t\000e\000\137\000s\000c\000h\000e\000m\000e\000\137\000s\000b\000r\000\050\000\051}{subsection.5.2.2}% 24
\BOOKMARK [1][-]{section.5.3}{\376\377\0005\000.\0003\000\040\000e\000z\000\137\000p\000a\000r\000a\000l\000l\000e\000l\000:\000:\000c\000r\000e\000a\000t\000e\000\137\000s\000c\000h\000e\000m\000e\000\137\000f\000f\000t\000\040\000I\000n\000t\000e\000r\000f\000a\000c\000e\000\040\000R\000e\000f\000e\000r\000e\000n\000c\000e}{chapter.5}% 25
\BOOKMARK [2][-]{subsection.5.3.1}{\376\377\0005\000.\0003\000.\0001\000\040\000D\000e\000t\000a\000i\000l\000e\000d\000\040\000D\000e\000s\000c\000r\000i\000p\000t\000i\000o\000n}{section.5.3}% 26
\BOOKMARK [2][-]{subsection.5.3.2}{\376\377\0005\000.\0003\000.\0002\000\040\000M\000e\000m\000b\000e\000r\000\040\000F\000u\000n\000c\000t\000i\000o\000n\000/\000S\000u\000b\000r\000o\000u\000t\000i\000n\000e\000\040\000D\000o\000c\000u\000m\000e\000n\000t\000a\000t\000i\000o\000n}{section.5.3}% 27
\BOOKMARK [3][-]{subsubsection.5.3.2.1}{\376\377\0005\000.\0003\000.\0002\000.\0001\000\040\000c\000r\000e\000a\000t\000e\000\137\000s\000c\000h\000e\000m\000e\000\137\000f\000f\000t\000\137\000s\000b\000r\000\050\000\051}{subsection.5.3.2}% 28
\BOOKMARK [1][-]{section.5.4}{\376\377\0005\000.\0004\000\040\000e\000z\000\137\000p\000a\000r\000a\000l\000l\000e\000l\000:\000:\000c\000r\000e\000a\000t\000e\000\137\000s\000c\000h\000e\000m\000e\000\137\000s\000p\000e\000c\000\137\000d\000r\000v\000\040\000I\000n\000t\000e\000r\000f\000a\000c\000e\000\040\000R\000e\000f\000e\000r\000e\000n\000c\000e}{chapter.5}% 29
\BOOKMARK [2][-]{subsection.5.4.1}{\376\377\0005\000.\0004\000.\0001\000\040\000D\000e\000t\000a\000i\000l\000e\000d\000\040\000D\000e\000s\000c\000r\000i\000p\000t\000i\000o\000n}{section.5.4}% 30
\BOOKMARK [2][-]{subsection.5.4.2}{\376\377\0005\000.\0004\000.\0002\000\040\000M\000e\000m\000b\000e\000r\000\040\000F\000u\000n\000c\000t\000i\000o\000n\000/\000S\000u\000b\000r\000o\000u\000t\000i\000n\000e\000\040\000D\000o\000c\000u\000m\000e\000n\000t\000a\000t\000i\000o\000n}{section.5.4}% 31
\BOOKMARK [3][-]{subsubsection.5.4.2.1}{\376\377\0005\000.\0004\000.\0002\000.\0001\000\040\000c\000r\000e\000a\000t\000e\000\137\000s\000c\000h\000e\000m\000e\000\137\000s\000p\000e\000c\000\137\000d\000r\000v\000\137\000s\000b\000r\000\050\000\051}{subsection.5.4.2}% 32
\BOOKMARK [1][-]{section.5.5}{\376\377\0005\000.\0005\000\040\000e\000z\000\137\000p\000a\000r\000a\000l\000l\000e\000l\000:\000:\000c\000r\000e\000a\000t\000e\000\137\000s\000c\000h\000e\000m\000e\000\137\000z\000e\000r\000o\000\137\000p\000a\000d\000\040\000I\000n\000t\000e\000r\000f\000a\000c\000e\000\040\000R\000e\000f\000e\000r\000e\000n\000c\000e}{chapter.5}% 33
\BOOKMARK [2][-]{subsection.5.5.1}{\376\377\0005\000.\0005\000.\0001\000\040\000D\000e\000t\000a\000i\000l\000e\000d\000\040\000D\000e\000s\000c\000r\000i\000p\000t\000i\000o\000n}{section.5.5}% 34
\BOOKMARK [2][-]{subsection.5.5.2}{\376\377\0005\000.\0005\000.\0002\000\040\000M\000e\000m\000b\000e\000r\000\040\000F\000u\000n\000c\000t\000i\000o\000n\000/\000S\000u\000b\000r\000o\000u\000t\000i\000n\000e\000\040\000D\000o\000c\000u\000m\000e\000n\000t\000a\000t\000i\000o\000n}{section.5.5}% 35
\BOOKMARK [3][-]{subsubsection.5.5.2.1}{\376\377\0005\000.\0005\000.\0002\000.\0001\000\040\000c\000r\000e\000a\000t\000e\000\137\000s\000c\000h\000e\000m\000e\000\137\000z\000e\000r\000o\000\137\000p\000a\000d\000\137\000d\000b\000l\000e\000\137\000s\000b\000r\000\050\000\051}{subsection.5.5.2}% 36
\BOOKMARK [1][-]{section.5.6}{\376\377\0005\000.\0006\000\040\000e\000z\000\137\000p\000a\000r\000a\000l\000l\000e\000l\000:\000:\000d\000e\000s\000t\000r\000o\000y\000\137\000s\000c\000h\000e\000m\000e\000\040\000I\000n\000t\000e\000r\000f\000a\000c\000e\000\040\000R\000e\000f\000e\000r\000e\000n\000c\000e}{chapter.5}% 37
\BOOKMARK [2][-]{subsection.5.6.1}{\376\377\0005\000.\0006\000.\0001\000\040\000D\000e\000t\000a\000i\000l\000e\000d\000\040\000D\000e\000s\000c\000r\000i\000p\000t\000i\000o\000n}{section.5.6}% 38
\BOOKMARK [2][-]{subsection.5.6.2}{\376\377\0005\000.\0006\000.\0002\000\040\000M\000e\000m\000b\000e\000r\000\040\000F\000u\000n\000c\000t\000i\000o\000n\000/\000S\000u\000b\000r\000o\000u\000t\000i\000n\000e\000\040\000D\000o\000c\000u\000m\000e\000n\000t\000a\000t\000i\000o\000n}{section.5.6}% 39
\BOOKMARK [3][-]{subsubsection.5.6.2.1}{\376\377\0005\000.\0006\000.\0002\000.\0001\000\040\000d\000e\000s\000t\000r\000o\000y\000\137\000s\000c\000h\000e\000m\000e\000\137\000s\000b\000r\000\050\000\051}{subsection.5.6.2}% 40
\BOOKMARK [1][-]{section.5.7}{\376\377\0005\000.\0007\000\040\000e\000z\000\137\000p\000a\000r\000a\000l\000l\000e\000l\000:\000:\000e\000x\000e\000c\000u\000t\000e\000\137\000s\000c\000h\000e\000m\000e\000\137\000f\000f\000t\000\040\000I\000n\000t\000e\000r\000f\000a\000c\000e\000\040\000R\000e\000f\000e\000r\000e\000n\000c\000e}{chapter.5}% 41
\BOOKMARK [2][-]{subsection.5.7.1}{\376\377\0005\000.\0007\000.\0001\000\040\000D\000e\000t\000a\000i\000l\000e\000d\000\040\000D\000e\000s\000c\000r\000i\000p\000t\000i\000o\000n}{section.5.7}% 42
\BOOKMARK [2][-]{subsection.5.7.2}{\376\377\0005\000.\0007\000.\0002\000\040\000M\000e\000m\000b\000e\000r\000\040\000F\000u\000n\000c\000t\000i\000o\000n\000/\000S\000u\000b\000r\000o\000u\000t\000i\000n\000e\000\040\000D\000o\000c\000u\000m\000e\000n\000t\000a\000t\000i\000o\000n}{section.5.7}% 43
\BOOKMARK [3][-]{subsubsection.5.7.2.1}{\376\377\0005\000.\0007\000.\0002\000.\0001\000\040\000e\000x\000e\000c\000u\000t\000e\000\137\000s\000c\000h\000e\000m\000e\000\137\000f\000f\000t\000\137\000d\000b\000l\000e\000\137\000s\000b\000r\000\050\000\051}{subsection.5.7.2}% 44
\BOOKMARK [3][-]{subsubsection.5.7.2.2}{\376\377\0005\000.\0007\000.\0002\000.\0002\000\040\000e\000x\000e\000c\000u\000t\000e\000\137\000s\000c\000h\000e\000m\000e\000\137\000f\000f\000t\000\137\000d\000c\000m\000p\000x\000\137\000s\000b\000r\000\050\000\051}{subsection.5.7.2}% 45
\BOOKMARK [1][-]{section.5.8}{\376\377\0005\000.\0008\000\040\000e\000z\000\137\000p\000a\000r\000a\000l\000l\000e\000l\000:\000:\000e\000x\000e\000c\000u\000t\000e\000\137\000s\000c\000h\000e\000m\000e\000\137\000i\000f\000f\000t\000\040\000I\000n\000t\000e\000r\000f\000a\000c\000e\000\040\000R\000e\000f\000e\000r\000e\000n\000c\000e}{chapter.5}% 46
\BOOKMARK [2][-]{subsection.5.8.1}{\376\377\0005\000.\0008\000.\0001\000\040\000D\000e\000t\000a\000i\000l\000e\000d\000\040\000D\000e\000s\000c\000r\000i\000p\000t\000i\000o\000n}{section.5.8}% 47
\BOOKMARK [2][-]{subsection.5.8.2}{\376\377\0005\000.\0008\000.\0002\000\040\000M\000e\000m\000b\000e\000r\000\040\000F\000u\000n\000c\000t\000i\000o\000n\000/\000S\000u\000b\000r\000o\000u\000t\000i\000n\000e\000\040\000D\000o\000c\000u\000m\000e\000n\000t\000a\000t\000i\000o\000n}{section.5.8}% 48
\BOOKMARK [3][-]{subsubsection.5.8.2.1}{\376\377\0005\000.\0008\000.\0002\000.\0001\000\040\000e\000x\000e\000c\000u\000t\000e\000\137\000s\000c\000h\000e\000m\000e\000\137\000i\000f\000f\000t\000\137\000d\000b\000l\000e\000\137\000s\000b\000r\000\050\000\051}{subsection.5.8.2}% 49
\BOOKMARK [3][-]{subsubsection.5.8.2.2}{\376\377\0005\000.\0008\000.\0002\000.\0002\000\040\000e\000x\000e\000c\000u\000t\000e\000\137\000s\000c\000h\000e\000m\000e\000\137\000i\000f\000f\000t\000\137\000d\000c\000m\000p\000x\000\137\000s\000b\000r\000\050\000\051}{subsection.5.8.2}% 50
\BOOKMARK [1][-]{section.5.9}{\376\377\0005\000.\0009\000\040\000e\000z\000\137\000p\000a\000r\000a\000l\000l\000e\000l\000:\000:\000e\000x\000e\000c\000u\000t\000e\000\137\000s\000c\000h\000e\000m\000e\000\137\000i\000s\000p\000e\000c\000\137\000d\000r\000v\000\040\000I\000n\000t\000e\000r\000f\000a\000c\000e\000\040\000R\000e\000f\000e\000r\000e\000n\000c\000e}{chapter.5}% 51
\BOOKMARK [2][-]{subsection.5.9.1}{\376\377\0005\000.\0009\000.\0001\000\040\000D\000e\000t\000a\000i\000l\000e\000d\000\040\000D\000e\000s\000c\000r\000i\000p\000t\000i\000o\000n}{section.5.9}% 52
\BOOKMARK [2][-]{subsection.5.9.2}{\376\377\0005\000.\0009\000.\0002\000\040\000M\000e\000m\000b\000e\000r\000\040\000F\000u\000n\000c\000t\000i\000o\000n\000/\000S\000u\000b\000r\000o\000u\000t\000i\000n\000e\000\040\000D\000o\000c\000u\000m\000e\000n\000t\000a\000t\000i\000o\000n}{section.5.9}% 53
\BOOKMARK [3][-]{subsubsection.5.9.2.1}{\376\377\0005\000.\0009\000.\0002\000.\0001\000\040\000e\000x\000e\000c\000u\000t\000e\000\137\000s\000c\000h\000e\000m\000e\000\137\000i\000s\000p\000e\000c\000\137\000d\000r\000v\000\137\000d\000b\000l\000e\000\137\000s\000b\000r\000\050\000\051}{subsection.5.9.2}% 54
\BOOKMARK [3][-]{subsubsection.5.9.2.2}{\376\377\0005\000.\0009\000.\0002\000.\0002\000\040\000e\000x\000e\000c\000u\000t\000e\000\137\000s\000c\000h\000e\000m\000e\000\137\000i\000s\000p\000e\000c\000\137\000d\000r\000v\000\137\000d\000c\000m\000p\000x\000\137\000s\000b\000r\000\050\000\051}{subsection.5.9.2}% 55
\BOOKMARK [1][-]{section.5.10}{\376\377\0005\000.\0001\0000\000\040\000e\000z\000\137\000p\000a\000r\000a\000l\000l\000e\000l\000:\000:\000e\000x\000e\000c\000u\000t\000e\000\137\000s\000c\000h\000e\000m\000e\000\137\000i\000z\000e\000r\000o\000\137\000p\000a\000d\000\040\000I\000n\000t\000e\000r\000f\000a\000c\000e\000\040\000R\000e\000f\000e\000r\000e\000n\000c\000e}{chapter.5}% 56
\BOOKMARK [2][-]{subsection.5.10.1}{\376\377\0005\000.\0001\0000\000.\0001\000\040\000D\000e\000t\000a\000i\000l\000e\000d\000\040\000D\000e\000s\000c\000r\000i\000p\000t\000i\000o\000n}{section.5.10}% 57
\BOOKMARK [2][-]{subsection.5.10.2}{\376\377\0005\000.\0001\0000\000.\0002\000\040\000M\000e\000m\000b\000e\000r\000\040\000F\000u\000n\000c\000t\000i\000o\000n\000/\000S\000u\000b\000r\000o\000u\000t\000i\000n\000e\000\040\000D\000o\000c\000u\000m\000e\000n\000t\000a\000t\000i\000o\000n}{section.5.10}% 58
\BOOKMARK [3][-]{subsubsection.5.10.2.1}{\376\377\0005\000.\0001\0000\000.\0002\000.\0001\000\040\000e\000x\000e\000c\000u\000t\000e\000\137\000s\000c\000h\000e\000m\000e\000\137\000i\000z\000e\000r\000o\000\137\000p\000a\000d\000\137\000d\000b\000l\000e\000\137\000s\000b\000r\000\050\000\051}{subsection.5.10.2}% 59
\BOOKMARK [3][-]{subsubsection.5.10.2.2}{\376\377\0005\000.\0001\0000\000.\0002\000.\0002\000\040\000e\000x\000e\000c\000u\000t\000e\000\137\000s\000c\000h\000e\000m\000e\000\137\000i\000z\000e\000r\000o\000\137\000p\000a\000d\000\137\000d\000c\000m\000p\000x\000\137\000s\000b\000r\000\050\000\051}{subsection.5.10.2}% 60
\BOOKMARK [1][-]{section.5.11}{\376\377\0005\000.\0001\0001\000\040\000e\000z\000\137\000p\000a\000r\000a\000l\000l\000e\000l\000:\000:\000e\000x\000e\000c\000u\000t\000e\000\137\000s\000c\000h\000e\000m\000e\000\137\000s\000p\000e\000c\000\137\000d\000r\000v\000\040\000I\000n\000t\000e\000r\000f\000a\000c\000e\000\040\000R\000e\000f\000e\000r\000e\000n\000c\000e}{chapter.5}% 61
\BOOKMARK [2][-]{subsection.5.11.1}{\376\377\0005\000.\0001\0001\000.\0001\000\040\000D\000e\000t\000a\000i\000l\000e\000d\000\040\000D\000e\000s\000c\000r\000i\000p\000t\000i\000o\000n}{section.5.11}% 62
\BOOKMARK [2][-]{subsection.5.11.2}{\376\377\0005\000.\0001\0001\000.\0002\000\040\000M\000e\000m\000b\000e\000r\000\040\000F\000u\000n\000c\000t\000i\000o\000n\000/\000S\000u\000b\000r\000o\000u\000t\000i\000n\000e\000\040\000D\000o\000c\000u\000m\000e\000n\000t\000a\000t\000i\000o\000n}{section.5.11}% 63
\BOOKMARK [3][-]{subsubsection.5.11.2.1}{\376\377\0005\000.\0001\0001\000.\0002\000.\0001\000\040\000e\000x\000e\000c\000u\000t\000e\000\137\000s\000c\000h\000e\000m\000e\000\137\000s\000p\000e\000c\000\137\000d\000r\000v\000\137\000d\000b\000l\000e\000\137\000s\000b\000r\000\050\000\051}{subsection.5.11.2}% 64
\BOOKMARK [3][-]{subsubsection.5.11.2.2}{\376\377\0005\000.\0001\0001\000.\0002\000.\0002\000\040\000e\000x\000e\000c\000u\000t\000e\000\137\000s\000c\000h\000e\000m\000e\000\137\000s\000p\000e\000c\000\137\000d\000r\000v\000\137\000d\000c\000m\000p\000x\000\137\000s\000b\000r\000\050\000\051}{subsection.5.11.2}% 65
\BOOKMARK [1][-]{section.5.12}{\376\377\0005\000.\0001\0002\000\040\000e\000z\000\137\000p\000a\000r\000a\000l\000l\000e\000l\000:\000:\000e\000x\000e\000c\000u\000t\000e\000\137\000s\000c\000h\000e\000m\000e\000\137\000z\000e\000r\000o\000\137\000p\000a\000d\000\040\000I\000n\000t\000e\000r\000f\000a\000c\000e\000\040\000R\000e\000f\000e\000r\000e\000n\000c\000e}{chapter.5}% 66
\BOOKMARK [2][-]{subsection.5.12.1}{\376\377\0005\000.\0001\0002\000.\0001\000\040\000D\000e\000t\000a\000i\000l\000e\000d\000\040\000D\000e\000s\000c\000r\000i\000p\000t\000i\000o\000n}{section.5.12}% 67
\BOOKMARK [2][-]{subsection.5.12.2}{\376\377\0005\000.\0001\0002\000.\0002\000\040\000M\000e\000m\000b\000e\000r\000\040\000F\000u\000n\000c\000t\000i\000o\000n\000/\000S\000u\000b\000r\000o\000u\000t\000i\000n\000e\000\040\000D\000o\000c\000u\000m\000e\000n\000t\000a\000t\000i\000o\000n}{section.5.12}% 68
\BOOKMARK [3][-]{subsubsection.5.12.2.1}{\376\377\0005\000.\0001\0002\000.\0002\000.\0001\000\040\000e\000x\000e\000c\000u\000t\000e\000\137\000s\000c\000h\000e\000m\000e\000\137\000z\000e\000r\000o\000\137\000p\000a\000d\000\137\000d\000b\000l\000e\000\137\000s\000b\000r\000\050\000\051}{subsection.5.12.2}% 69
\BOOKMARK [3][-]{subsubsection.5.12.2.2}{\376\377\0005\000.\0001\0002\000.\0002\000.\0002\000\040\000e\000x\000e\000c\000u\000t\000e\000\137\000s\000c\000h\000e\000m\000e\000\137\000z\000e\000r\000o\000\137\000p\000a\000d\000\137\000d\000c\000m\000p\000x\000\137\000s\000b\000r\000\050\000\051}{subsection.5.12.2}% 70
\BOOKMARK [1][-]{section.5.13}{\376\377\0005\000.\0001\0003\000\040\000e\000z\000\137\000p\000a\000r\000a\000l\000l\000e\000l\000:\000:\000m\000a\000x\000\137\000v\000a\000l\000\040\000I\000n\000t\000e\000r\000f\000a\000c\000e\000\040\000R\000e\000f\000e\000r\000e\000n\000c\000e}{chapter.5}% 71
\BOOKMARK [2][-]{subsection.5.13.1}{\376\377\0005\000.\0001\0003\000.\0001\000\040\000D\000e\000t\000a\000i\000l\000e\000d\000\040\000D\000e\000s\000c\000r\000i\000p\000t\000i\000o\000n}{section.5.13}% 72
\BOOKMARK [2][-]{subsection.5.13.2}{\376\377\0005\000.\0001\0003\000.\0002\000\040\000M\000e\000m\000b\000e\000r\000\040\000F\000u\000n\000c\000t\000i\000o\000n\000/\000S\000u\000b\000r\000o\000u\000t\000i\000n\000e\000\040\000D\000o\000c\000u\000m\000e\000n\000t\000a\000t\000i\000o\000n}{section.5.13}% 73
\BOOKMARK [3][-]{subsubsection.5.13.2.1}{\376\377\0005\000.\0001\0003\000.\0002\000.\0001\000\040\000m\000a\000x\000\137\000v\000a\000l\000\137\000s\000b\000r\000\050\000\051}{subsection.5.13.2}% 74
\BOOKMARK [1][-]{section.5.14}{\376\377\0005\000.\0001\0004\000\040\000e\000z\000\137\000p\000a\000r\000a\000l\000l\000e\000l\000:\000:\000m\000i\000n\000\137\000v\000a\000l\000\040\000I\000n\000t\000e\000r\000f\000a\000c\000e\000\040\000R\000e\000f\000e\000r\000e\000n\000c\000e}{chapter.5}% 75
\BOOKMARK [2][-]{subsection.5.14.1}{\376\377\0005\000.\0001\0004\000.\0001\000\040\000D\000e\000t\000a\000i\000l\000e\000d\000\040\000D\000e\000s\000c\000r\000i\000p\000t\000i\000o\000n}{section.5.14}% 76
\BOOKMARK [2][-]{subsection.5.14.2}{\376\377\0005\000.\0001\0004\000.\0002\000\040\000M\000e\000m\000b\000e\000r\000\040\000F\000u\000n\000c\000t\000i\000o\000n\000/\000S\000u\000b\000r\000o\000u\000t\000i\000n\000e\000\040\000D\000o\000c\000u\000m\000e\000n\000t\000a\000t\000i\000o\000n}{section.5.14}% 77
\BOOKMARK [3][-]{subsubsection.5.14.2.1}{\376\377\0005\000.\0001\0004\000.\0002\000.\0001\000\040\000m\000i\000n\000\137\000v\000a\000l\000\137\000s\000b\000r\000\050\000\051}{subsection.5.14.2}% 78
\BOOKMARK [1][-]{section.5.15}{\376\377\0005\000.\0001\0005\000\040\000e\000z\000\137\000p\000a\000r\000a\000l\000l\000e\000l\000\137\000s\000t\000r\000u\000c\000t\000s\000:\000:\000s\000c\000h\000e\000m\000e\000\040\000T\000y\000p\000e\000\040\000R\000e\000f\000e\000r\000e\000n\000c\000e}{chapter.5}% 79
\BOOKMARK [2][-]{subsection.5.15.1}{\376\377\0005\000.\0001\0005\000.\0001\000\040\000D\000e\000t\000a\000i\000l\000e\000d\000\040\000D\000e\000s\000c\000r\000i\000p\000t\000i\000o\000n}{section.5.15}% 80
\BOOKMARK [2][-]{subsection.5.15.2}{\376\377\0005\000.\0001\0005\000.\0002\000\040\000M\000e\000m\000b\000e\000r\000\040\000D\000a\000t\000a\000\040\000D\000o\000c\000u\000m\000e\000n\000t\000a\000t\000i\000o\000n}{section.5.15}% 81
\BOOKMARK [3][-]{subsubsection.5.15.2.1}{\376\377\0005\000.\0001\0005\000.\0002\000.\0001\000\040\000c\000o\000l\000d\000c\000m\000p\000s\000i\000z\000e\000s}{subsection.5.15.2}% 82
\BOOKMARK [3][-]{subsubsection.5.15.2.2}{\376\377\0005\000.\0001\0005\000.\0002\000.\0002\000\040\000c\000o\000l\000d\000c\000m\000p\000s\000i\000z\000e\000s\000o\000v\000l\000p}{subsection.5.15.2}% 83
\BOOKMARK [3][-]{subsubsection.5.15.2.3}{\376\377\0005\000.\0001\0005\000.\0002\000.\0003\000\040\000c\000o\000l\000r\000e\000f}{subsection.5.15.2}% 84
\BOOKMARK [3][-]{subsubsection.5.15.2.4}{\376\377\0005\000.\0001\0005\000.\0002\000.\0004\000\040\000c\000o\000l\000s\000p\000c}{subsection.5.15.2}% 85
\BOOKMARK [3][-]{subsubsection.5.15.2.5}{\376\377\0005\000.\0001\0005\000.\0002\000.\0005\000\040\000c\000o\000m\000m}{subsection.5.15.2}% 86
\BOOKMARK [3][-]{subsubsection.5.15.2.6}{\376\377\0005\000.\0001\0005\000.\0002\000.\0006\000\040\000c\000o\000m\000m\000s\000i\000z\000e}{subsection.5.15.2}% 87
\BOOKMARK [3][-]{subsubsection.5.15.2.7}{\376\377\0005\000.\0001\0005\000.\0002\000.\0007\000\040\000c\000o\000u\000n\000t\000s}{subsection.5.15.2}% 88
\BOOKMARK [3][-]{subsubsection.5.15.2.8}{\376\377\0005\000.\0001\0005\000.\0002\000.\0008\000\040\000d\000a\000t\000a\000t\000y\000p\000e}{subsection.5.15.2}% 89
\BOOKMARK [3][-]{subsubsection.5.15.2.9}{\376\377\0005\000.\0001\0005\000.\0002\000.\0009\000\040\000d\000i\000s\000p\000l\000s}{subsection.5.15.2}% 90
\BOOKMARK [3][-]{subsubsection.5.15.2.10}{\376\377\0005\000.\0001\0005\000.\0002\000.\0001\0000\000\040\000g\000r\000i\000d\000s\000i\000z\000e}{subsection.5.15.2}% 91
\BOOKMARK [3][-]{subsubsection.5.15.2.11}{\376\377\0005\000.\0001\0005\000.\0002\000.\0001\0001\000\040\000h\000s\000l\000a\000b\000s\000i\000z\000e}{subsection.5.15.2}% 92
\BOOKMARK [3][-]{subsubsection.5.15.2.12}{\376\377\0005\000.\0001\0005\000.\0002\000.\0001\0002\000\040\000i\000n\000i\000t\000f\000f\000t}{subsection.5.15.2}% 93
\BOOKMARK [3][-]{subsubsection.5.15.2.13}{\376\377\0005\000.\0001\0005\000.\0002\000.\0001\0003\000\040\000i\000n\000i\000t\000s\000c\000h\000e\000m\000e}{subsection.5.15.2}% 94
\BOOKMARK [3][-]{subsubsection.5.15.2.14}{\376\377\0005\000.\0001\0005\000.\0002\000.\0001\0004\000\040\000i\000n\000i\000t\000s\000p\000e\000c\000d\000r\000v}{subsection.5.15.2}% 95
\BOOKMARK [3][-]{subsubsection.5.15.2.15}{\376\377\0005\000.\0001\0005\000.\0002\000.\0001\0005\000\040\000n\000o\000r\000m\000\137\0001\000d\000\137\0001}{subsection.5.15.2}% 96
\BOOKMARK [3][-]{subsubsection.5.15.2.16}{\376\377\0005\000.\0001\0005\000.\0002\000.\0001\0006\000\040\000n\000o\000r\000m\000\137\0001\000d\000\137\0002}{subsection.5.15.2}% 97
\BOOKMARK [3][-]{subsubsection.5.15.2.17}{\376\377\0005\000.\0001\0005\000.\0002\000.\0001\0007\000\040\000n\000o\000r\000m\000\137\0002\000d}{subsection.5.15.2}% 98
\BOOKMARK [3][-]{subsubsection.5.15.2.18}{\376\377\0005\000.\0001\0005\000.\0002\000.\0001\0008\000\040\000o\000v\000l\000p}{subsection.5.15.2}% 99
\BOOKMARK [3][-]{subsubsection.5.15.2.19}{\376\377\0005\000.\0001\0005\000.\0002\000.\0001\0009\000\040\000p\000r\000o\000c\000i\000d}{subsection.5.15.2}% 100
\BOOKMARK [3][-]{subsubsection.5.15.2.20}{\376\377\0005\000.\0001\0005\000.\0002\000.\0002\0000\000\040\000r\000e\000c\000v\000\137\000b\000o\000u\000n\000d\000a\000r\000i\000e\000s}{subsection.5.15.2}% 101
\BOOKMARK [3][-]{subsubsection.5.15.2.21}{\376\377\0005\000.\0001\0005\000.\0002\000.\0002\0001\000\040\000r\000o\000w\000d\000c\000m\000p\000s\000i\000z\000e\000s}{subsection.5.15.2}% 102
\BOOKMARK [3][-]{subsubsection.5.15.2.22}{\376\377\0005\000.\0001\0005\000.\0002\000.\0002\0002\000\040\000s\000e\000n\000d\000\137\000b\000o\000u\000n\000d\000a\000r\000i\000e\000s}{subsection.5.15.2}% 103
\BOOKMARK [3][-]{subsubsection.5.15.2.23}{\376\377\0005\000.\0001\0005\000.\0002\000.\0002\0003\000\040\000s\000u\000b\000a\000r\000r\000a\000y\000s}{subsection.5.15.2}% 104
\BOOKMARK [3][-]{subsubsection.5.15.2.24}{\376\377\0005\000.\0001\0005\000.\0002\000.\0002\0004\000\040\000v\000s\000l\000a\000b\000i\000n\000t}{subsection.5.15.2}% 105
\BOOKMARK [3][-]{subsubsection.5.15.2.25}{\376\377\0005\000.\0001\0005\000.\0002\000.\0002\0005\000\040\000v\000s\000l\000a\000b\000s\000i\000z\000e}{subsection.5.15.2}% 106
\BOOKMARK [3][-]{subsubsection.5.15.2.26}{\376\377\0005\000.\0001\0005\000.\0002\000.\0002\0006\000\040\000v\000s\000l\000a\000b\000s\000i\000z\000e\000o\000v\000l\000p}{subsection.5.15.2}% 107
\BOOKMARK [3][-]{subsubsection.5.15.2.27}{\376\377\0005\000.\0001\0005\000.\0002\000.\0002\0007\000\040\000w\000s\000a\000v\000e\0001}{subsection.5.15.2}% 108
\BOOKMARK [3][-]{subsubsection.5.15.2.28}{\376\377\0005\000.\0001\0005\000.\0002\000.\0002\0008\000\040\000w\000s\000a\000v\000e\0002}{subsection.5.15.2}% 109
\BOOKMARK [3][-]{subsubsection.5.15.2.29}{\376\377\0005\000.\0001\0005\000.\0002\000.\0002\0009\000\040\000w\000v\000n\000m\000b\000r\0001}{subsection.5.15.2}% 110
\BOOKMARK [3][-]{subsubsection.5.15.2.30}{\376\377\0005\000.\0001\0005\000.\0002\000.\0003\0000\000\040\000w\000v\000n\000m\000b\000r\0002}{subsection.5.15.2}% 111
\BOOKMARK [1][-]{section.5.16}{\376\377\0005\000.\0001\0006\000\040\000e\000z\000\137\000p\000a\000r\000a\000l\000l\000e\000l\000:\000:\000s\000h\000a\000r\000e\000\137\000s\000u\000b\000g\000r\000i\000d\000\137\000b\000d\000r\000y\000\040\000I\000n\000t\000e\000r\000f\000a\000c\000e\000\040\000R\000e\000f\000e\000r\000e\000n\000c\000e}{chapter.5}% 112
\BOOKMARK [2][-]{subsection.5.16.1}{\376\377\0005\000.\0001\0006\000.\0001\000\040\000D\000e\000t\000a\000i\000l\000e\000d\000\040\000D\000e\000s\000c\000r\000i\000p\000t\000i\000o\000n}{section.5.16}% 113
\BOOKMARK [2][-]{subsection.5.16.2}{\376\377\0005\000.\0001\0006\000.\0002\000\040\000M\000e\000m\000b\000e\000r\000\040\000F\000u\000n\000c\000t\000i\000o\000n\000/\000S\000u\000b\000r\000o\000u\000t\000i\000n\000e\000\040\000D\000o\000c\000u\000m\000e\000n\000t\000a\000t\000i\000o\000n}{section.5.16}% 114
\BOOKMARK [3][-]{subsubsection.5.16.2.1}{\376\377\0005\000.\0001\0006\000.\0002\000.\0001\000\040\000s\000h\000a\000r\000e\000\137\000s\000u\000b\000g\000r\000i\000d\000\137\000b\000d\000r\000y\000\137\000d\000b\000l\000e\000\137\000s\000b\000r\000\050\000\051}{subsection.5.16.2}% 115
\BOOKMARK [3][-]{subsubsection.5.16.2.2}{\376\377\0005\000.\0001\0006\000.\0002\000.\0002\000\040\000s\000h\000a\000r\000e\000\137\000s\000u\000b\000g\000r\000i\000d\000\137\000b\000d\000r\000y\000\137\000d\000c\000m\000p\000x\000\137\000s\000b\000r\000\050\000\051}{subsection.5.16.2}% 116
\BOOKMARK [0][-]{chapter.6}{\376\377\0006\000\040\000F\000i\000l\000e\000\040\000D\000o\000c\000u\000m\000e\000n\000t\000a\000t\000i\000o\000n}{}% 117
\BOOKMARK [1][-]{section.6.1}{\376\377\0006\000.\0001\000\040\000C\000:\000/\000U\000s\000e\000r\000s\000/\000O\000w\000n\000e\000r\000/\000E\000d\000u\000c\000a\000t\000i\000o\000n\000\040\000a\000n\000d\000\040\000R\000e\000s\000e\000a\000r\000c\000h\000/\000G\000r\000a\000d\000u\000a\000t\000e\000\040\000S\000c\000h\000o\000o\000l\000/\000P\000a\000r\000a\000l\000l\000e\000l\000i\000z\000a\000t\000i\000o\000n\000\040\000M\000o\000d\000u\000l\000e\000\040\000P\000r\000o\000j\000e\000c\000t\000/\000E\000Z\000\137\000P\000A\000R\000A\000L\000L\000E\000L\000\137\000p\000r\000o\000j\000e\000c\000t\000/\000E\000Z\000\137\000P\000A\000R\000A\000L\000L\000E\000L\000/\000c\000r\000e\000a\000t\000e\000\137\000s\000c\000h\000e\000m\000e\000.\000f\0009\0000\000\040\000F\000i\000l\000e\000\040\000R\000e\000f\000e\000r\000e\000n\000c\000e}{chapter.6}% 118
\BOOKMARK [2][-]{subsection.6.1.1}{\376\377\0006\000.\0001\000.\0001\000\040\000F\000u\000n\000c\000t\000i\000o\000n\000/\000S\000u\000b\000r\000o\000u\000t\000i\000n\000e\000\040\000D\000o\000c\000u\000m\000e\000n\000t\000a\000t\000i\000o\000n}{section.6.1}% 119
\BOOKMARK [3][-]{subsubsection.6.1.1.1}{\376\377\0006\000.\0001\000.\0001\000.\0001\000\040\000c\000r\000e\000a\000t\000e\000\137\000s\000c\000h\000e\000m\000e\000\137\000e\000h\000\050\000\051}{subsection.6.1.1}% 120
\BOOKMARK [3][-]{subsubsection.6.1.1.2}{\376\377\0006\000.\0001\000.\0001\000.\0002\000\040\000c\000r\000e\000a\000t\000e\000\137\000s\000c\000h\000e\000m\000e\000\137\000s\000b\000r\000\050\000\051}{subsection.6.1.1}% 121
\BOOKMARK [1][-]{section.6.2}{\376\377\0006\000.\0002\000\040\000C\000:\000/\000U\000s\000e\000r\000s\000/\000O\000w\000n\000e\000r\000/\000E\000d\000u\000c\000a\000t\000i\000o\000n\000\040\000a\000n\000d\000\040\000R\000e\000s\000e\000a\000r\000c\000h\000/\000G\000r\000a\000d\000u\000a\000t\000e\000\040\000S\000c\000h\000o\000o\000l\000/\000P\000a\000r\000a\000l\000l\000e\000l\000i\000z\000a\000t\000i\000o\000n\000\040\000M\000o\000d\000u\000l\000e\000\040\000P\000r\000o\000j\000e\000c\000t\000/\000E\000Z\000\137\000P\000A\000R\000A\000L\000L\000E\000L\000\137\000p\000r\000o\000j\000e\000c\000t\000/\000E\000Z\000\137\000P\000A\000R\000A\000L\000L\000E\000L\000/\000c\000r\000e\000a\000t\000e\000\137\000s\000c\000h\000e\000m\000e\000\137\000f\000f\000t\000.\000f\0009\0000\000\040\000F\000i\000l\000e\000\040\000R\000e\000f\000e\000r\000e\000n\000c\000e}{chapter.6}% 122
\BOOKMARK [2][-]{subsection.6.2.1}{\376\377\0006\000.\0002\000.\0001\000\040\000F\000u\000n\000c\000t\000i\000o\000n\000/\000S\000u\000b\000r\000o\000u\000t\000i\000n\000e\000\040\000D\000o\000c\000u\000m\000e\000n\000t\000a\000t\000i\000o\000n}{section.6.2}% 123
\BOOKMARK [3][-]{subsubsection.6.2.1.1}{\376\377\0006\000.\0002\000.\0001\000.\0001\000\040\000c\000r\000e\000a\000t\000e\000\137\000s\000c\000h\000e\000m\000e\000\137\000f\000f\000t\000\137\000e\000h\000\050\000\051}{subsection.6.2.1}% 124
\BOOKMARK [3][-]{subsubsection.6.2.1.2}{\376\377\0006\000.\0002\000.\0001\000.\0002\000\040\000c\000r\000e\000a\000t\000e\000\137\000s\000c\000h\000e\000m\000e\000\137\000f\000f\000t\000\137\000s\000b\000r\000\050\000\051}{subsection.6.2.1}% 125
\BOOKMARK [3][-]{subsubsection.6.2.1.3}{\376\377\0006\000.\0002\000.\0001\000.\0003\000\040\000d\000e\000c\000o\000m\000p\000o\000s\000e\000\050\000\051}{subsection.6.2.1}% 126
\BOOKMARK [3][-]{subsubsection.6.2.1.4}{\376\377\0006\000.\0002\000.\0001\000.\0004\000\040\000s\000u\000b\000a\000r\000r\000a\000y\000\050\000\051}{subsection.6.2.1}% 127
\BOOKMARK [1][-]{section.6.3}{\376\377\0006\000.\0003\000\040\000C\000:\000/\000U\000s\000e\000r\000s\000/\000O\000w\000n\000e\000r\000/\000E\000d\000u\000c\000a\000t\000i\000o\000n\000\040\000a\000n\000d\000\040\000R\000e\000s\000e\000a\000r\000c\000h\000/\000G\000r\000a\000d\000u\000a\000t\000e\000\040\000S\000c\000h\000o\000o\000l\000/\000P\000a\000r\000a\000l\000l\000e\000l\000i\000z\000a\000t\000i\000o\000n\000\040\000M\000o\000d\000u\000l\000e\000\040\000P\000r\000o\000j\000e\000c\000t\000/\000E\000Z\000\137\000P\000A\000R\000A\000L\000L\000E\000L\000\137\000p\000r\000o\000j\000e\000c\000t\000/\000E\000Z\000\137\000P\000A\000R\000A\000L\000L\000E\000L\000/\000c\000r\000e\000a\000t\000e\000\137\000s\000c\000h\000e\000m\000e\000\137\000s\000p\000e\000c\000\137\000d\000r\000v\000.\000f\0009\0000\000\040\000F\000i\000l\000e\000\040\000R\000e\000f\000e\000r\000e\000n\000c\000e}{chapter.6}% 128
\BOOKMARK [2][-]{subsection.6.3.1}{\376\377\0006\000.\0003\000.\0001\000\040\000F\000u\000n\000c\000t\000i\000o\000n\000/\000S\000u\000b\000r\000o\000u\000t\000i\000n\000e\000\040\000D\000o\000c\000u\000m\000e\000n\000t\000a\000t\000i\000o\000n}{section.6.3}% 129
\BOOKMARK [3][-]{subsubsection.6.3.1.1}{\376\377\0006\000.\0003\000.\0001\000.\0001\000\040\000c\000r\000e\000a\000t\000e\000\137\000s\000c\000h\000e\000m\000e\000\137\000s\000p\000e\000c\000\137\000d\000r\000v\000\137\000e\000h\000\050\000\051}{subsection.6.3.1}% 130
\BOOKMARK [3][-]{subsubsection.6.3.1.2}{\376\377\0006\000.\0003\000.\0001\000.\0002\000\040\000c\000r\000e\000a\000t\000e\000\137\000s\000c\000h\000e\000m\000e\000\137\000s\000p\000e\000c\000\137\000d\000r\000v\000\137\000s\000b\000r\000\050\000\051}{subsection.6.3.1}% 131
\BOOKMARK [1][-]{section.6.4}{\376\377\0006\000.\0004\000\040\000C\000:\000/\000U\000s\000e\000r\000s\000/\000O\000w\000n\000e\000r\000/\000E\000d\000u\000c\000a\000t\000i\000o\000n\000\040\000a\000n\000d\000\040\000R\000e\000s\000e\000a\000r\000c\000h\000/\000G\000r\000a\000d\000u\000a\000t\000e\000\040\000S\000c\000h\000o\000o\000l\000/\000P\000a\000r\000a\000l\000l\000e\000l\000i\000z\000a\000t\000i\000o\000n\000\040\000M\000o\000d\000u\000l\000e\000\040\000P\000r\000o\000j\000e\000c\000t\000/\000E\000Z\000\137\000P\000A\000R\000A\000L\000L\000E\000L\000\137\000p\000r\000o\000j\000e\000c\000t\000/\000E\000Z\000\137\000P\000A\000R\000A\000L\000L\000E\000L\000/\000c\000r\000e\000a\000t\000e\000\137\000s\000c\000h\000e\000m\000e\000\137\000z\000e\000r\000o\000\137\000p\000a\000d\000.\000f\0009\0000\000\040\000F\000i\000l\000e\000\040\000R\000e\000f\000e\000r\000e\000n\000c\000e}{chapter.6}% 132
\BOOKMARK [2][-]{subsection.6.4.1}{\376\377\0006\000.\0004\000.\0001\000\040\000F\000u\000n\000c\000t\000i\000o\000n\000/\000S\000u\000b\000r\000o\000u\000t\000i\000n\000e\000\040\000D\000o\000c\000u\000m\000e\000n\000t\000a\000t\000i\000o\000n}{section.6.4}% 133
\BOOKMARK [3][-]{subsubsection.6.4.1.1}{\376\377\0006\000.\0004\000.\0001\000.\0001\000\040\000c\000r\000e\000a\000t\000e\000\137\000s\000c\000h\000e\000m\000e\000\137\000z\000e\000r\000o\000\137\000p\000a\000d\000\137\000d\000b\000l\000e\000\137\000e\000h\000\050\000\051}{subsection.6.4.1}% 134
\BOOKMARK [3][-]{subsubsection.6.4.1.2}{\376\377\0006\000.\0004\000.\0001\000.\0002\000\040\000c\000r\000e\000a\000t\000e\000\137\000s\000c\000h\000e\000m\000e\000\137\000z\000e\000r\000o\000\137\000p\000a\000d\000\137\000d\000b\000l\000e\000\137\000s\000b\000r\000\050\000\051}{subsection.6.4.1}% 135
\BOOKMARK [3][-]{subsubsection.6.4.1.3}{\376\377\0006\000.\0004\000.\0001\000.\0003\000\040\000d\000e\000c\000o\000m\000p\000o\000s\000e\000\050\000\051}{subsection.6.4.1}% 136
\BOOKMARK [3][-]{subsubsection.6.4.1.4}{\376\377\0006\000.\0004\000.\0001\000.\0004\000\040\000s\000u\000b\000a\000r\000r\000a\000y\000\050\000\051}{subsection.6.4.1}% 137
\BOOKMARK [1][-]{section.6.5}{\376\377\0006\000.\0005\000\040\000C\000:\000/\000U\000s\000e\000r\000s\000/\000O\000w\000n\000e\000r\000/\000E\000d\000u\000c\000a\000t\000i\000o\000n\000\040\000a\000n\000d\000\040\000R\000e\000s\000e\000a\000r\000c\000h\000/\000G\000r\000a\000d\000u\000a\000t\000e\000\040\000S\000c\000h\000o\000o\000l\000/\000P\000a\000r\000a\000l\000l\000e\000l\000i\000z\000a\000t\000i\000o\000n\000\040\000M\000o\000d\000u\000l\000e\000\040\000P\000r\000o\000j\000e\000c\000t\000/\000E\000Z\000\137\000P\000A\000R\000A\000L\000L\000E\000L\000\137\000p\000r\000o\000j\000e\000c\000t\000/\000E\000Z\000\137\000P\000A\000R\000A\000L\000L\000E\000L\000/\000d\000e\000s\000t\000r\000o\000y\000\137\000s\000c\000h\000e\000m\000e\000.\000f\0009\0000\000\040\000F\000i\000l\000e\000\040\000R\000e\000f\000e\000r\000e\000n\000c\000e}{chapter.6}% 138
\BOOKMARK [2][-]{subsection.6.5.1}{\376\377\0006\000.\0005\000.\0001\000\040\000F\000u\000n\000c\000t\000i\000o\000n\000/\000S\000u\000b\000r\000o\000u\000t\000i\000n\000e\000\040\000D\000o\000c\000u\000m\000e\000n\000t\000a\000t\000i\000o\000n}{section.6.5}% 139
\BOOKMARK [3][-]{subsubsection.6.5.1.1}{\376\377\0006\000.\0005\000.\0001\000.\0001\000\040\000d\000e\000s\000t\000r\000o\000y\000\137\000s\000c\000h\000e\000m\000e\000\137\000e\000h\000\050\000\051}{subsection.6.5.1}% 140
\BOOKMARK [3][-]{subsubsection.6.5.1.2}{\376\377\0006\000.\0005\000.\0001\000.\0002\000\040\000d\000e\000s\000t\000r\000o\000y\000\137\000s\000c\000h\000e\000m\000e\000\137\000s\000b\000r\000\050\000\051}{subsection.6.5.1}% 141
\BOOKMARK [1][-]{section.6.6}{\376\377\0006\000.\0006\000\040\000C\000:\000/\000U\000s\000e\000r\000s\000/\000O\000w\000n\000e\000r\000/\000E\000d\000u\000c\000a\000t\000i\000o\000n\000\040\000a\000n\000d\000\040\000R\000e\000s\000e\000a\000r\000c\000h\000/\000G\000r\000a\000d\000u\000a\000t\000e\000\040\000S\000c\000h\000o\000o\000l\000/\000P\000a\000r\000a\000l\000l\000e\000l\000i\000z\000a\000t\000i\000o\000n\000\040\000M\000o\000d\000u\000l\000e\000\040\000P\000r\000o\000j\000e\000c\000t\000/\000E\000Z\000\137\000P\000A\000R\000A\000L\000L\000E\000L\000\137\000p\000r\000o\000j\000e\000c\000t\000/\000E\000Z\000\137\000P\000A\000R\000A\000L\000L\000E\000L\000/\000e\000x\000e\000c\000u\000t\000e\000\137\000s\000c\000h\000e\000m\000e\000\137\000f\000f\000t\000.\000f\0009\0000\000\040\000F\000i\000l\000e\000\040\000R\000e\000f\000e\000r\000e\000n\000c\000e}{chapter.6}% 142
\BOOKMARK [2][-]{subsection.6.6.1}{\376\377\0006\000.\0006\000.\0001\000\040\000F\000u\000n\000c\000t\000i\000o\000n\000/\000S\000u\000b\000r\000o\000u\000t\000i\000n\000e\000\040\000D\000o\000c\000u\000m\000e\000n\000t\000a\000t\000i\000o\000n}{section.6.6}% 143
\BOOKMARK [3][-]{subsubsection.6.6.1.1}{\376\377\0006\000.\0006\000.\0001\000.\0001\000\040\000e\000x\000e\000c\000u\000t\000e\000\137\000s\000c\000h\000e\000m\000e\000\137\000f\000f\000t\000\137\000d\000b\000l\000e\000\137\000e\000h\000\050\000\051}{subsection.6.6.1}% 144
\BOOKMARK [3][-]{subsubsection.6.6.1.2}{\376\377\0006\000.\0006\000.\0001\000.\0002\000\040\000e\000x\000e\000c\000u\000t\000e\000\137\000s\000c\000h\000e\000m\000e\000\137\000f\000f\000t\000\137\000d\000b\000l\000e\000\137\000s\000b\000r\000\050\000\051}{subsection.6.6.1}% 145
\BOOKMARK [3][-]{subsubsection.6.6.1.3}{\376\377\0006\000.\0006\000.\0001\000.\0003\000\040\000e\000x\000e\000c\000u\000t\000e\000\137\000s\000c\000h\000e\000m\000e\000\137\000f\000f\000t\000\137\000d\000c\000m\000p\000x\000\137\000e\000h\000\050\000\051}{subsection.6.6.1}% 146
\BOOKMARK [3][-]{subsubsection.6.6.1.4}{\376\377\0006\000.\0006\000.\0001\000.\0004\000\040\000e\000x\000e\000c\000u\000t\000e\000\137\000s\000c\000h\000e\000m\000e\000\137\000f\000f\000t\000\137\000d\000c\000m\000p\000x\000\137\000s\000b\000r\000\050\000\051}{subsection.6.6.1}% 147
\BOOKMARK [1][-]{section.6.7}{\376\377\0006\000.\0007\000\040\000C\000:\000/\000U\000s\000e\000r\000s\000/\000O\000w\000n\000e\000r\000/\000E\000d\000u\000c\000a\000t\000i\000o\000n\000\040\000a\000n\000d\000\040\000R\000e\000s\000e\000a\000r\000c\000h\000/\000G\000r\000a\000d\000u\000a\000t\000e\000\040\000S\000c\000h\000o\000o\000l\000/\000P\000a\000r\000a\000l\000l\000e\000l\000i\000z\000a\000t\000i\000o\000n\000\040\000M\000o\000d\000u\000l\000e\000\040\000P\000r\000o\000j\000e\000c\000t\000/\000E\000Z\000\137\000P\000A\000R\000A\000L\000L\000E\000L\000\137\000p\000r\000o\000j\000e\000c\000t\000/\000E\000Z\000\137\000P\000A\000R\000A\000L\000L\000E\000L\000/\000e\000x\000e\000c\000u\000t\000e\000\137\000s\000c\000h\000e\000m\000e\000\137\000i\000f\000f\000t\000.\000f\0009\0000\000\040\000F\000i\000l\000e\000\040\000R\000e\000f\000e\000r\000e\000n\000c\000e}{chapter.6}% 148
\BOOKMARK [2][-]{subsection.6.7.1}{\376\377\0006\000.\0007\000.\0001\000\040\000F\000u\000n\000c\000t\000i\000o\000n\000/\000S\000u\000b\000r\000o\000u\000t\000i\000n\000e\000\040\000D\000o\000c\000u\000m\000e\000n\000t\000a\000t\000i\000o\000n}{section.6.7}% 149
\BOOKMARK [3][-]{subsubsection.6.7.1.1}{\376\377\0006\000.\0007\000.\0001\000.\0001\000\040\000e\000x\000e\000c\000u\000t\000e\000\137\000s\000c\000h\000e\000m\000e\000\137\000i\000f\000f\000t\000\137\000d\000b\000l\000e\000\137\000e\000h\000\050\000\051}{subsection.6.7.1}% 150
\BOOKMARK [3][-]{subsubsection.6.7.1.2}{\376\377\0006\000.\0007\000.\0001\000.\0002\000\040\000e\000x\000e\000c\000u\000t\000e\000\137\000s\000c\000h\000e\000m\000e\000\137\000i\000f\000f\000t\000\137\000d\000b\000l\000e\000\137\000s\000b\000r\000\050\000\051}{subsection.6.7.1}% 151
\BOOKMARK [3][-]{subsubsection.6.7.1.3}{\376\377\0006\000.\0007\000.\0001\000.\0003\000\040\000e\000x\000e\000c\000u\000t\000e\000\137\000s\000c\000h\000e\000m\000e\000\137\000i\000f\000f\000t\000\137\000d\000c\000m\000p\000x\000\137\000e\000h\000\050\000\051}{subsection.6.7.1}% 152
\BOOKMARK [3][-]{subsubsection.6.7.1.4}{\376\377\0006\000.\0007\000.\0001\000.\0004\000\040\000e\000x\000e\000c\000u\000t\000e\000\137\000s\000c\000h\000e\000m\000e\000\137\000i\000f\000f\000t\000\137\000d\000c\000m\000p\000x\000\137\000s\000b\000r\000\050\000\051}{subsection.6.7.1}% 153
\BOOKMARK [1][-]{section.6.8}{\376\377\0006\000.\0008\000\040\000C\000:\000/\000U\000s\000e\000r\000s\000/\000O\000w\000n\000e\000r\000/\000E\000d\000u\000c\000a\000t\000i\000o\000n\000\040\000a\000n\000d\000\040\000R\000e\000s\000e\000a\000r\000c\000h\000/\000G\000r\000a\000d\000u\000a\000t\000e\000\040\000S\000c\000h\000o\000o\000l\000/\000P\000a\000r\000a\000l\000l\000e\000l\000i\000z\000a\000t\000i\000o\000n\000\040\000M\000o\000d\000u\000l\000e\000\040\000P\000r\000o\000j\000e\000c\000t\000/\000E\000Z\000\137\000P\000A\000R\000A\000L\000L\000E\000L\000\137\000p\000r\000o\000j\000e\000c\000t\000/\000E\000Z\000\137\000P\000A\000R\000A\000L\000L\000E\000L\000/\000e\000x\000e\000c\000u\000t\000e\000\137\000s\000c\000h\000e\000m\000e\000\137\000i\000s\000p\000e\000c\000\137\000d\000r\000v\000.\000f\0009\0000\000\040\000F\000i\000l\000e\000\040\000R\000e\000f\000e\000r\000e\000n\000c\000e}{chapter.6}% 154
\BOOKMARK [2][-]{subsection.6.8.1}{\376\377\0006\000.\0008\000.\0001\000\040\000F\000u\000n\000c\000t\000i\000o\000n\000/\000S\000u\000b\000r\000o\000u\000t\000i\000n\000e\000\040\000D\000o\000c\000u\000m\000e\000n\000t\000a\000t\000i\000o\000n}{section.6.8}% 155
\BOOKMARK [3][-]{subsubsection.6.8.1.1}{\376\377\0006\000.\0008\000.\0001\000.\0001\000\040\000e\000x\000e\000c\000u\000t\000e\000\137\000s\000c\000h\000e\000m\000e\000\137\000i\000s\000p\000e\000c\000\137\000d\000r\000v\000\137\000d\000b\000l\000e\000\137\000e\000h\000\050\000\051}{subsection.6.8.1}% 156
\BOOKMARK [3][-]{subsubsection.6.8.1.2}{\376\377\0006\000.\0008\000.\0001\000.\0002\000\040\000e\000x\000e\000c\000u\000t\000e\000\137\000s\000c\000h\000e\000m\000e\000\137\000i\000s\000p\000e\000c\000\137\000d\000r\000v\000\137\000d\000b\000l\000e\000\137\000s\000b\000r\000\050\000\051}{subsection.6.8.1}% 157
\BOOKMARK [3][-]{subsubsection.6.8.1.3}{\376\377\0006\000.\0008\000.\0001\000.\0003\000\040\000e\000x\000e\000c\000u\000t\000e\000\137\000s\000c\000h\000e\000m\000e\000\137\000i\000s\000p\000e\000c\000\137\000d\000r\000v\000\137\000d\000c\000m\000p\000x\000\137\000e\000h\000\050\000\051}{subsection.6.8.1}% 158
\BOOKMARK [3][-]{subsubsection.6.8.1.4}{\376\377\0006\000.\0008\000.\0001\000.\0004\000\040\000e\000x\000e\000c\000u\000t\000e\000\137\000s\000c\000h\000e\000m\000e\000\137\000i\000s\000p\000e\000c\000\137\000d\000r\000v\000\137\000d\000c\000m\000p\000x\000\137\000s\000b\000r\000\050\000\051}{subsection.6.8.1}% 159
\BOOKMARK [1][-]{section.6.9}{\376\377\0006\000.\0009\000\040\000C\000:\000/\000U\000s\000e\000r\000s\000/\000O\000w\000n\000e\000r\000/\000E\000d\000u\000c\000a\000t\000i\000o\000n\000\040\000a\000n\000d\000\040\000R\000e\000s\000e\000a\000r\000c\000h\000/\000G\000r\000a\000d\000u\000a\000t\000e\000\040\000S\000c\000h\000o\000o\000l\000/\000P\000a\000r\000a\000l\000l\000e\000l\000i\000z\000a\000t\000i\000o\000n\000\040\000M\000o\000d\000u\000l\000e\000\040\000P\000r\000o\000j\000e\000c\000t\000/\000E\000Z\000\137\000P\000A\000R\000A\000L\000L\000E\000L\000\137\000p\000r\000o\000j\000e\000c\000t\000/\000E\000Z\000\137\000P\000A\000R\000A\000L\000L\000E\000L\000/\000e\000x\000e\000c\000u\000t\000e\000\137\000s\000c\000h\000e\000m\000e\000\137\000i\000z\000e\000r\000o\000\137\000p\000a\000d\000.\000f\0009\0000\000\040\000F\000i\000l\000e\000\040\000R\000e\000f\000e\000r\000e\000n\000c\000e}{chapter.6}% 160
\BOOKMARK [2][-]{subsection.6.9.1}{\376\377\0006\000.\0009\000.\0001\000\040\000F\000u\000n\000c\000t\000i\000o\000n\000/\000S\000u\000b\000r\000o\000u\000t\000i\000n\000e\000\040\000D\000o\000c\000u\000m\000e\000n\000t\000a\000t\000i\000o\000n}{section.6.9}% 161
\BOOKMARK [3][-]{subsubsection.6.9.1.1}{\376\377\0006\000.\0009\000.\0001\000.\0001\000\040\000d\000e\000c\000o\000m\000p\000o\000s\000e\000\050\000\051}{subsection.6.9.1}% 162
\BOOKMARK [3][-]{subsubsection.6.9.1.2}{\376\377\0006\000.\0009\000.\0001\000.\0002\000\040\000e\000x\000e\000c\000u\000t\000e\000\137\000s\000c\000h\000e\000m\000e\000\137\000i\000z\000e\000r\000o\000\137\000p\000a\000d\000\137\000d\000b\000l\000e\000\137\000e\000h\000\050\000\051}{subsection.6.9.1}% 163
\BOOKMARK [3][-]{subsubsection.6.9.1.3}{\376\377\0006\000.\0009\000.\0001\000.\0003\000\040\000e\000x\000e\000c\000u\000t\000e\000\137\000s\000c\000h\000e\000m\000e\000\137\000i\000z\000e\000r\000o\000\137\000p\000a\000d\000\137\000d\000b\000l\000e\000\137\000s\000b\000r\000\050\000\051}{subsection.6.9.1}% 164
\BOOKMARK [3][-]{subsubsection.6.9.1.4}{\376\377\0006\000.\0009\000.\0001\000.\0004\000\040\000e\000x\000e\000c\000u\000t\000e\000\137\000s\000c\000h\000e\000m\000e\000\137\000i\000z\000e\000r\000o\000\137\000p\000a\000d\000\137\000d\000c\000m\000p\000x\000\137\000e\000h\000\050\000\051}{subsection.6.9.1}% 165
\BOOKMARK [3][-]{subsubsection.6.9.1.5}{\376\377\0006\000.\0009\000.\0001\000.\0005\000\040\000e\000x\000e\000c\000u\000t\000e\000\137\000s\000c\000h\000e\000m\000e\000\137\000i\000z\000e\000r\000o\000\137\000p\000a\000d\000\137\000d\000c\000m\000p\000x\000\137\000s\000b\000r\000\050\000\051}{subsection.6.9.1}% 166
\BOOKMARK [3][-]{subsubsection.6.9.1.6}{\376\377\0006\000.\0009\000.\0001\000.\0006\000\040\000s\000u\000b\000a\000r\000r\000a\000y\000\050\000\051}{subsection.6.9.1}% 167
\BOOKMARK [1][-]{section.6.10}{\376\377\0006\000.\0001\0000\000\040\000C\000:\000/\000U\000s\000e\000r\000s\000/\000O\000w\000n\000e\000r\000/\000E\000d\000u\000c\000a\000t\000i\000o\000n\000\040\000a\000n\000d\000\040\000R\000e\000s\000e\000a\000r\000c\000h\000/\000G\000r\000a\000d\000u\000a\000t\000e\000\040\000S\000c\000h\000o\000o\000l\000/\000P\000a\000r\000a\000l\000l\000e\000l\000i\000z\000a\000t\000i\000o\000n\000\040\000M\000o\000d\000u\000l\000e\000\040\000P\000r\000o\000j\000e\000c\000t\000/\000E\000Z\000\137\000P\000A\000R\000A\000L\000L\000E\000L\000\137\000p\000r\000o\000j\000e\000c\000t\000/\000E\000Z\000\137\000P\000A\000R\000A\000L\000L\000E\000L\000/\000e\000x\000e\000c\000u\000t\000e\000\137\000s\000c\000h\000e\000m\000e\000\137\000s\000p\000e\000c\000\137\000d\000r\000v\000.\000f\0009\0000\000\040\000F\000i\000l\000e\000\040\000R\000e\000f\000e\000r\000e\000n\000c\000e}{chapter.6}% 168
\BOOKMARK [2][-]{subsection.6.10.1}{\376\377\0006\000.\0001\0000\000.\0001\000\040\000F\000u\000n\000c\000t\000i\000o\000n\000/\000S\000u\000b\000r\000o\000u\000t\000i\000n\000e\000\040\000D\000o\000c\000u\000m\000e\000n\000t\000a\000t\000i\000o\000n}{section.6.10}% 169
\BOOKMARK [3][-]{subsubsection.6.10.1.1}{\376\377\0006\000.\0001\0000\000.\0001\000.\0001\000\040\000e\000x\000e\000c\000u\000t\000e\000\137\000s\000c\000h\000e\000m\000e\000\137\000s\000p\000e\000c\000\137\000d\000r\000v\000\137\000d\000b\000l\000e\000\137\000e\000h\000\050\000\051}{subsection.6.10.1}% 170
\BOOKMARK [3][-]{subsubsection.6.10.1.2}{\376\377\0006\000.\0001\0000\000.\0001\000.\0002\000\040\000e\000x\000e\000c\000u\000t\000e\000\137\000s\000c\000h\000e\000m\000e\000\137\000s\000p\000e\000c\000\137\000d\000r\000v\000\137\000d\000b\000l\000e\000\137\000s\000b\000r\000\050\000\051}{subsection.6.10.1}% 171
\BOOKMARK [3][-]{subsubsection.6.10.1.3}{\376\377\0006\000.\0001\0000\000.\0001\000.\0003\000\040\000e\000x\000e\000c\000u\000t\000e\000\137\000s\000c\000h\000e\000m\000e\000\137\000s\000p\000e\000c\000\137\000d\000r\000v\000\137\000d\000c\000m\000p\000x\000\137\000e\000h\000\050\000\051}{subsection.6.10.1}% 172
\BOOKMARK [3][-]{subsubsection.6.10.1.4}{\376\377\0006\000.\0001\0000\000.\0001\000.\0004\000\040\000e\000x\000e\000c\000u\000t\000e\000\137\000s\000c\000h\000e\000m\000e\000\137\000s\000p\000e\000c\000\137\000d\000r\000v\000\137\000d\000c\000m\000p\000x\000\137\000s\000b\000r\000\050\000\051}{subsection.6.10.1}% 173
\BOOKMARK [1][-]{section.6.11}{\376\377\0006\000.\0001\0001\000\040\000C\000:\000/\000U\000s\000e\000r\000s\000/\000O\000w\000n\000e\000r\000/\000E\000d\000u\000c\000a\000t\000i\000o\000n\000\040\000a\000n\000d\000\040\000R\000e\000s\000e\000a\000r\000c\000h\000/\000G\000r\000a\000d\000u\000a\000t\000e\000\040\000S\000c\000h\000o\000o\000l\000/\000P\000a\000r\000a\000l\000l\000e\000l\000i\000z\000a\000t\000i\000o\000n\000\040\000M\000o\000d\000u\000l\000e\000\040\000P\000r\000o\000j\000e\000c\000t\000/\000E\000Z\000\137\000P\000A\000R\000A\000L\000L\000E\000L\000\137\000p\000r\000o\000j\000e\000c\000t\000/\000E\000Z\000\137\000P\000A\000R\000A\000L\000L\000E\000L\000/\000e\000x\000e\000c\000u\000t\000e\000\137\000s\000c\000h\000e\000m\000e\000\137\000z\000e\000r\000o\000\137\000p\000a\000d\000.\000f\0009\0000\000\040\000F\000i\000l\000e\000\040\000R\000e\000f\000e\000r\000e\000n\000c\000e}{chapter.6}% 174
\BOOKMARK [2][-]{subsection.6.11.1}{\376\377\0006\000.\0001\0001\000.\0001\000\040\000F\000u\000n\000c\000t\000i\000o\000n\000/\000S\000u\000b\000r\000o\000u\000t\000i\000n\000e\000\040\000D\000o\000c\000u\000m\000e\000n\000t\000a\000t\000i\000o\000n}{section.6.11}% 175
\BOOKMARK [3][-]{subsubsection.6.11.1.1}{\376\377\0006\000.\0001\0001\000.\0001\000.\0001\000\040\000d\000e\000c\000o\000m\000p\000o\000s\000e\000\050\000\051}{subsection.6.11.1}% 176
\BOOKMARK [3][-]{subsubsection.6.11.1.2}{\376\377\0006\000.\0001\0001\000.\0001\000.\0002\000\040\000e\000x\000e\000c\000u\000t\000e\000\137\000s\000c\000h\000e\000m\000e\000\137\000z\000e\000r\000o\000\137\000p\000a\000d\000\137\000d\000b\000l\000e\000\137\000e\000h\000\050\000\051}{subsection.6.11.1}% 177
\BOOKMARK [3][-]{subsubsection.6.11.1.3}{\376\377\0006\000.\0001\0001\000.\0001\000.\0003\000\040\000e\000x\000e\000c\000u\000t\000e\000\137\000s\000c\000h\000e\000m\000e\000\137\000z\000e\000r\000o\000\137\000p\000a\000d\000\137\000d\000b\000l\000e\000\137\000s\000b\000r\000\050\000\051}{subsection.6.11.1}% 178
\BOOKMARK [3][-]{subsubsection.6.11.1.4}{\376\377\0006\000.\0001\0001\000.\0001\000.\0004\000\040\000e\000x\000e\000c\000u\000t\000e\000\137\000s\000c\000h\000e\000m\000e\000\137\000z\000e\000r\000o\000\137\000p\000a\000d\000\137\000d\000c\000m\000p\000x\000\137\000e\000h\000\050\000\051}{subsection.6.11.1}% 179
\BOOKMARK [3][-]{subsubsection.6.11.1.5}{\376\377\0006\000.\0001\0001\000.\0001\000.\0005\000\040\000e\000x\000e\000c\000u\000t\000e\000\137\000s\000c\000h\000e\000m\000e\000\137\000z\000e\000r\000o\000\137\000p\000a\000d\000\137\000d\000c\000m\000p\000x\000\137\000s\000b\000r\000\050\000\051}{subsection.6.11.1}% 180
\BOOKMARK [3][-]{subsubsection.6.11.1.6}{\376\377\0006\000.\0001\0001\000.\0001\000.\0006\000\040\000s\000u\000b\000a\000r\000r\000a\000y\000\050\000\051}{subsection.6.11.1}% 181
\BOOKMARK [1][-]{section.6.12}{\376\377\0006\000.\0001\0002\000\040\000C\000:\000/\000U\000s\000e\000r\000s\000/\000O\000w\000n\000e\000r\000/\000E\000d\000u\000c\000a\000t\000i\000o\000n\000\040\000a\000n\000d\000\040\000R\000e\000s\000e\000a\000r\000c\000h\000/\000G\000r\000a\000d\000u\000a\000t\000e\000\040\000S\000c\000h\000o\000o\000l\000/\000P\000a\000r\000a\000l\000l\000e\000l\000i\000z\000a\000t\000i\000o\000n\000\040\000M\000o\000d\000u\000l\000e\000\040\000P\000r\000o\000j\000e\000c\000t\000/\000E\000Z\000\137\000P\000A\000R\000A\000L\000L\000E\000L\000\137\000p\000r\000o\000j\000e\000c\000t\000/\000E\000Z\000\137\000P\000A\000R\000A\000L\000L\000E\000L\000/\000e\000z\000\137\000p\000a\000r\000a\000l\000l\000e\000l\000.\000f\0009\0000\000\040\000F\000i\000l\000e\000\040\000R\000e\000f\000e\000r\000e\000n\000c\000e}{chapter.6}% 182
\BOOKMARK [1][-]{section.6.13}{\376\377\0006\000.\0001\0003\000\040\000C\000:\000/\000U\000s\000e\000r\000s\000/\000O\000w\000n\000e\000r\000/\000E\000d\000u\000c\000a\000t\000i\000o\000n\000\040\000a\000n\000d\000\040\000R\000e\000s\000e\000a\000r\000c\000h\000/\000G\000r\000a\000d\000u\000a\000t\000e\000\040\000S\000c\000h\000o\000o\000l\000/\000P\000a\000r\000a\000l\000l\000e\000l\000i\000z\000a\000t\000i\000o\000n\000\040\000M\000o\000d\000u\000l\000e\000\040\000P\000r\000o\000j\000e\000c\000t\000/\000E\000Z\000\137\000P\000A\000R\000A\000L\000L\000E\000L\000\137\000p\000r\000o\000j\000e\000c\000t\000/\000E\000Z\000\137\000P\000A\000R\000A\000L\000L\000E\000L\000/\000e\000z\000\137\000p\000a\000r\000a\000l\000l\000e\000l\000\137\000s\000t\000r\000u\000c\000t\000s\000.\000f\0009\0000\000\040\000F\000i\000l\000e\000\040\000R\000e\000f\000e\000r\000e\000n\000c\000e}{chapter.6}% 183
\BOOKMARK [1][-]{section.6.14}{\376\377\0006\000.\0001\0004\000\040\000C\000:\000/\000U\000s\000e\000r\000s\000/\000O\000w\000n\000e\000r\000/\000E\000d\000u\000c\000a\000t\000i\000o\000n\000\040\000a\000n\000d\000\040\000R\000e\000s\000e\000a\000r\000c\000h\000/\000G\000r\000a\000d\000u\000a\000t\000e\000\040\000S\000c\000h\000o\000o\000l\000/\000P\000a\000r\000a\000l\000l\000e\000l\000i\000z\000a\000t\000i\000o\000n\000\040\000M\000o\000d\000u\000l\000e\000\040\000P\000r\000o\000j\000e\000c\000t\000/\000E\000Z\000\137\000P\000A\000R\000A\000L\000L\000E\000L\000\137\000p\000r\000o\000j\000e\000c\000t\000/\000E\000Z\000\137\000P\000A\000R\000A\000L\000L\000E\000L\000/\000m\000a\000x\000\137\000v\000a\000l\000.\000f\0009\0000\000\040\000F\000i\000l\000e\000\040\000R\000e\000f\000e\000r\000e\000n\000c\000e}{chapter.6}% 184
\BOOKMARK [2][-]{subsection.6.14.1}{\376\377\0006\000.\0001\0004\000.\0001\000\040\000F\000u\000n\000c\000t\000i\000o\000n\000/\000S\000u\000b\000r\000o\000u\000t\000i\000n\000e\000\040\000D\000o\000c\000u\000m\000e\000n\000t\000a\000t\000i\000o\000n}{section.6.14}% 185
\BOOKMARK [3][-]{subsubsection.6.14.1.1}{\376\377\0006\000.\0001\0004\000.\0001\000.\0001\000\040\000m\000a\000x\000\137\000v\000a\000l\000\137\000e\000h\000\050\000\051}{subsection.6.14.1}% 186
\BOOKMARK [3][-]{subsubsection.6.14.1.2}{\376\377\0006\000.\0001\0004\000.\0001\000.\0002\000\040\000m\000a\000x\000\137\000v\000a\000l\000\137\000s\000b\000r\000\050\000\051}{subsection.6.14.1}% 187
\BOOKMARK [1][-]{section.6.15}{\376\377\0006\000.\0001\0005\000\040\000C\000:\000/\000U\000s\000e\000r\000s\000/\000O\000w\000n\000e\000r\000/\000E\000d\000u\000c\000a\000t\000i\000o\000n\000\040\000a\000n\000d\000\040\000R\000e\000s\000e\000a\000r\000c\000h\000/\000G\000r\000a\000d\000u\000a\000t\000e\000\040\000S\000c\000h\000o\000o\000l\000/\000P\000a\000r\000a\000l\000l\000e\000l\000i\000z\000a\000t\000i\000o\000n\000\040\000M\000o\000d\000u\000l\000e\000\040\000P\000r\000o\000j\000e\000c\000t\000/\000E\000Z\000\137\000P\000A\000R\000A\000L\000L\000E\000L\000\137\000p\000r\000o\000j\000e\000c\000t\000/\000E\000Z\000\137\000P\000A\000R\000A\000L\000L\000E\000L\000/\000m\000i\000n\000\137\000v\000a\000l\000.\000f\0009\0000\000\040\000F\000i\000l\000e\000\040\000R\000e\000f\000e\000r\000e\000n\000c\000e}{chapter.6}% 188
\BOOKMARK [2][-]{subsection.6.15.1}{\376\377\0006\000.\0001\0005\000.\0001\000\040\000F\000u\000n\000c\000t\000i\000o\000n\000/\000S\000u\000b\000r\000o\000u\000t\000i\000n\000e\000\040\000D\000o\000c\000u\000m\000e\000n\000t\000a\000t\000i\000o\000n}{section.6.15}% 189
\BOOKMARK [3][-]{subsubsection.6.15.1.1}{\376\377\0006\000.\0001\0005\000.\0001\000.\0001\000\040\000m\000i\000n\000\137\000v\000a\000l\000\137\000e\000h\000\050\000\051}{subsection.6.15.1}% 190
\BOOKMARK [3][-]{subsubsection.6.15.1.2}{\376\377\0006\000.\0001\0005\000.\0001\000.\0002\000\040\000m\000i\000n\000\137\000v\000a\000l\000\137\000s\000b\000r\000\050\000\051}{subsection.6.15.1}% 191
\BOOKMARK [1][-]{section.6.16}{\376\377\0006\000.\0001\0006\000\040\000C\000:\000/\000U\000s\000e\000r\000s\000/\000O\000w\000n\000e\000r\000/\000E\000d\000u\000c\000a\000t\000i\000o\000n\000\040\000a\000n\000d\000\040\000R\000e\000s\000e\000a\000r\000c\000h\000/\000G\000r\000a\000d\000u\000a\000t\000e\000\040\000S\000c\000h\000o\000o\000l\000/\000P\000a\000r\000a\000l\000l\000e\000l\000i\000z\000a\000t\000i\000o\000n\000\040\000M\000o\000d\000u\000l\000e\000\040\000P\000r\000o\000j\000e\000c\000t\000/\000E\000Z\000\137\000P\000A\000R\000A\000L\000L\000E\000L\000\137\000p\000r\000o\000j\000e\000c\000t\000/\000E\000Z\000\137\000P\000A\000R\000A\000L\000L\000E\000L\000/\000s\000h\000a\000r\000e\000\137\000s\000u\000b\000g\000r\000i\000d\000\137\000b\000d\000r\000y\000.\000f\0009\0000\000\040\000F\000i\000l\000e\000\040\000R\000e\000f\000e\000r\000e\000n\000c\000e}{chapter.6}% 192
\BOOKMARK [2][-]{subsection.6.16.1}{\376\377\0006\000.\0001\0006\000.\0001\000\040\000F\000u\000n\000c\000t\000i\000o\000n\000/\000S\000u\000b\000r\000o\000u\000t\000i\000n\000e\000\040\000D\000o\000c\000u\000m\000e\000n\000t\000a\000t\000i\000o\000n}{section.6.16}% 193
\BOOKMARK [3][-]{subsubsection.6.16.1.1}{\376\377\0006\000.\0001\0006\000.\0001\000.\0001\000\040\000s\000h\000a\000r\000e\000\137\000s\000u\000b\000g\000r\000i\000d\000\137\000b\000d\000r\000y\000\137\000d\000b\000l\000e\000\137\000e\000h\000\050\000\051}{subsection.6.16.1}% 194
\BOOKMARK [3][-]{subsubsection.6.16.1.2}{\376\377\0006\000.\0001\0006\000.\0001\000.\0002\000\040\000s\000h\000a\000r\000e\000\137\000s\000u\000b\000g\000r\000i\000d\000\137\000b\000d\000r\000y\000\137\000d\000b\000l\000e\000\137\000s\000b\000r\000\050\000\051}{subsection.6.16.1}% 195
\BOOKMARK [3][-]{subsubsection.6.16.1.3}{\376\377\0006\000.\0001\0006\000.\0001\000.\0003\000\040\000s\000h\000a\000r\000e\000\137\000s\000u\000b\000g\000r\000i\000d\000\137\000b\000d\000r\000y\000\137\000d\000c\000m\000p\000x\000\137\000e\000h\000\050\000\051}{subsection.6.16.1}% 196
\BOOKMARK [3][-]{subsubsection.6.16.1.4}{\376\377\0006\000.\0001\0006\000.\0001\000.\0004\000\040\000s\000h\000a\000r\000e\000\137\000s\000u\000b\000g\000r\000i\000d\000\137\000b\000d\000r\000y\000\137\000d\000c\000m\000p\000x\000\137\000s\000b\000r\000\050\000\051}{subsection.6.16.1}% 197
\BOOKMARK [0][-]{section*.45}{\376\377\000I\000n\000d\000e\000x}{}% 198
